<?xml version="1.0" encoding="UTF-8"?>
<testng-results ignored="0" total="1" passed="1" failed="0" skipped="0">
  <reporter-output>
  </reporter-output>
  <suite started-at="2023-03-19T19:15:32 IST" name="Default suite" finished-at="2023-03-19T19:15:43 IST" duration-ms="10529">
    <groups>
      <group name="Login">
        <method signature="launchLoginTest.lauchWeb()[pri:0, instance:LoginTest.launchLoginTest@6253c26]" name="lauchWeb" class="LoginTest.launchLoginTest"/>
      </group> <!-- Login -->
    </groups>
    <test started-at="2023-03-19T19:15:32 IST" name="Default test" finished-at="2023-03-19T19:15:43 IST" duration-ms="10529">
      <class name="LoginTest.launchLoginTest">
        <test-method signature="lauchWeb()[pri:0, instance:LoginTest.launchLoginTest@6253c26]" started-at="2023-03-19T19:15:32 IST" name="lauchWeb" finished-at="2023-03-19T19:15:43 IST" duration-ms="10394" status="PASS">
          <reporter-output>
          </reporter-output>
        </test-method> <!-- lauchWeb -->
      </class> <!-- LoginTest.launchLoginTest -->
    </test> <!-- Default test -->
  </suite> <!-- Default suite -->
</testng-results>
