<?xml version="1.0" encoding="UTF-8"?>
<testng-results ignored="0" total="2" passed="2" failed="0" skipped="0">
  <reporter-output>
  </reporter-output>
  <suite started-at="2023-03-20T00:05:47 IST" name="Default suite" finished-at="2023-03-20T00:05:59 IST" duration-ms="11802">
    <groups>
      <group name="Login">
        <method signature="launchLoginTest.lauchWeb()[pri:0, instance:LoginTest.launchLoginTest@71a8adcf]" name="lauchWeb" class="LoginTest.launchLoginTest"/>
      </group> <!-- Login -->
    </groups>
    <test started-at="2023-03-20T00:05:47 IST" name="Default test" finished-at="2023-03-20T00:05:59 IST" duration-ms="11802">
      <class name="LoginTest.loginTest">
        <test-method signature="login()[pri:0, instance:LoginTest.loginTest@29215f06]" started-at="2023-03-20T00:05:54 IST" name="login" depends-on-groups="Login" finished-at="2023-03-20T00:05:59 IST" duration-ms="5001" status="PASS">
          <reporter-output>
          </reporter-output>
        </test-method> <!-- login -->
      </class> <!-- LoginTest.loginTest -->
      <class name="LoginTest.launchLoginTest">
        <test-method signature="lauchWeb()[pri:0, instance:LoginTest.launchLoginTest@71a8adcf]" started-at="2023-03-20T00:05:47 IST" name="lauchWeb" finished-at="2023-03-20T00:05:54 IST" duration-ms="6684" status="PASS">
          <reporter-output>
          </reporter-output>
        </test-method> <!-- lauchWeb -->
      </class> <!-- LoginTest.launchLoginTest -->
    </test> <!-- Default test -->
  </suite> <!-- Default suite -->
</testng-results>
